<?xml version="1.0" encoding="UTF-8"?>
<!-- Generated by org.testng.reporters.JUnitReportReporter -->
<testsuite hostname="Appscrip" failures="0" tests="2" name="app.ideal.automation.tests.ui.LoginTest" time="5.818" errors="0" timestamp="2025-08-31T19:05:44 IST" skipped="0">
  <testcase classname="app.ideal.automation.tests.ui.LoginTest" name="testValidLogin" time="3.170"/>
  <testcase classname="app.ideal.automation.tests.ui.LoginTest" name="testValidLogin" time="2.648"/>
</testsuite> <!-- app.ideal.automation.tests.ui.LoginTest -->
